Vivado Simulator 2020.2
Copyright 1986-1999, 2001-2020 Xilinx, Inc. All Rights Reserved.
Running: /tools/Xilinx/Vivado/2020.2/bin/unwrapped/lnx64.o/xelab -wto 07e01a9294fb45d7b90d07b9239a8059 --incr --debug typical --relax --mt 8 --maxdelay -L xil_defaultlib -L simprims_ver -L secureip --snapshot DSD_Lab2_tb_w_time_synth -transport_int_delays -pulse_r 0 -pulse_int_r 0 -pulse_e 0 -pulse_int_e 0 xil_defaultlib.DSD_Lab2_tb_w xil_defaultlib.glbl -log elaborate.log 
Using 8 slave threads.
Starting static elaboration
Pass Through NonSizing Optimizer
Completed static elaboration
Starting simulation data flow analysis
Completed simulation data flow analysis
INFO: [XSIM 43-3451] SDF backannotation process started with SDF file "DSD_Lab2_tb_w_time_synth.sdf", for root module "DSD_Lab2_tb_w/uut".
INFO: [XSIM 43-3452] SDF backannotation was successful for SDF file "DSD_Lab2_tb_w_time_synth.sdf", for root module "DSD_Lab2_tb_w/uut".
Time Resolution for simulation is 1ps
Compiling package std.standard
Compiling package std.textio
Compiling package ieee.std_logic_1164
Compiling package ieee.numeric_std
Compiling package vl.vl_types
Compiling module xil_defaultlib.glbl
Compiling module simprims_ver.IBUF
Compiling module simprims_ver.OBUF
Compiling module simprims_ver.LUT4(INIT=16'b1001011001101001)
Compiling module simprims_ver.x_lut2_mux4
Compiling module simprims_ver.LUT2
Compiling module xil_defaultlib.DSD_Lab2
Compiling architecture df_tb of entity xil_defaultlib.dsd_lab2_tb_w
Built simulation snapshot DSD_Lab2_tb_w_time_synth
