Vivado Simulator 2020.2
Copyright 1986-1999, 2001-2020 Xilinx, Inc. All Rights Reserved.
Running: /tools/Xilinx/Vivado/2020.2/bin/unwrapped/lnx64.o/xelab -wto 61e9ef3c234146c0951aafe01c06f0af --incr --debug typical --relax --mt 8 --maxdelay -L xil_defaultlib -L simprims_ver -L secureip --snapshot counter_tb_time_synth -transport_int_delays -pulse_r 0 -pulse_int_r 0 -pulse_e 0 -pulse_int_e 0 xil_defaultlib.counter_tb xil_defaultlib.glbl -log elaborate.log 
Using 8 slave threads.
Starting static elaboration
Pass Through NonSizing Optimizer
Completed static elaboration
Starting simulation data flow analysis
Completed simulation data flow analysis
INFO: [XSIM 43-3451] SDF backannotation process started with SDF file "counter_tb_time_synth.sdf", for root module "counter_tb/uut".
INFO: [XSIM 43-3452] SDF backannotation was successful for SDF file "counter_tb_time_synth.sdf", for root module "counter_tb/uut".
Time Resolution for simulation is 1ps
Compiling package std.standard
Compiling package std.textio
Compiling package ieee.std_logic_1164
Compiling package ieee.numeric_std
Compiling package vl.vl_types
Compiling module xil_defaultlib.glbl
Compiling module simprims_ver.BUFG
Compiling module simprims_ver.IBUF
Compiling module simprims_ver.OBUF
Compiling module simprims_ver.x_lut1_mux2
Compiling module simprims_ver.LUT1(INIT=2'b01)
Compiling module simprims_ver.x_lut2_mux4
Compiling module simprims_ver.LUT2
Compiling module simprims_ver.LUT4(INIT=16'b01000000)
Compiling module simprims_ver.x_lut3_mux8
Compiling module simprims_ver.LUT3(INIT=8'b01111000)
Compiling module simprims_ver.FDPE(INIT=1'b0)
Compiling module simprims_ver.FDCE_default
Compiling module xil_defaultlib.counter
Compiling architecture behavioral of entity xil_defaultlib.counter_tb
Built simulation snapshot counter_tb_time_synth
